* Starting client
* Connecting to master process on port 8474
* Analyzing classpath: 
  - D:\Projetos\github\UnitTestsAutomatic\target\classes
  - C:\Users\ronal\.m2\repository\junit\junit\4.12\junit-4.12.jar
  - C:\Users\ronal\.m2\repository\org\hamcrest\hamcrest-core\1.3\hamcrest-core-1.3.jar
* Finished analyzing classpath
* Generating tests for class br.com.calculadora.CalculadoraDeImposto
* Test criteria:
  - Line Coverage
  - Branch Coverage
  - Exception
  - Mutation testing (weak)
  - Method-Output Coverage
  - Top-Level Method Coverage
  - No-Exception Top-Level Method Coverage
  - Context Branch Coverage
* Setting up search algorithm for whole suite generation
[MASTER] 19:19:36.274 [pool-2-thread-1] WARN  TestSuiteSerialization - Cannot load tests because file does not exist: D:\Projetos\github\UnitTestsAutomatic\.evosuite\evosuite-seeds\br.com.calculadora.CalculadoraDeImposto.seed
* Loaded 0 tests from D:\Projetos\github\UnitTestsAutomatic\.evosuite\evosuite-seeds\br.com.calculadora.CalculadoraDeImposto.seed
* Total number of test goals: 
  - Line 15
  - Branch 15
  - Exception 0
  - MutationFactory 127
  - Output 3
  - Method 2
  - MethodNoException 2
  - CBranchFitnessFactory 15
* Using seed 1618870772772
* Starting evolution
* Search finished after 91s and 1211 generations, 320187 statements, best individual has fitness: 11.0
* Writing sequences to pool
* Minimizing test suite
* Going to analyze the coverage criteria
* Coverage analysis for criterion LINE
* Coverage of criterion LINE: 100%
* Total number of goals: 15
* Number of covered goals: 15
* Coverage analysis for criterion BRANCH
* Coverage of criterion BRANCH: 80%
* Total number of goals: 15
* Number of covered goals: 12
* Coverage analysis for criterion EXCEPTION
* Coverage of criterion EXCEPTION: 100% (no goals)
* Coverage analysis for criterion WEAKMUTATION
* Coverage of criterion WEAKMUTATION: 98%
* Total number of goals: 127
* Number of covered goals: 124
* Coverage analysis for criterion OUTPUT
* Coverage of criterion OUTPUT: 67%
* Total number of goals: 3
* Number of covered goals: 2
* Coverage analysis for criterion METHOD
* Coverage of criterion METHOD: 100%
* Total number of goals: 2
* Number of covered goals: 2
* Coverage analysis for criterion METHODNOEXCEPTION
* Coverage of criterion METHODNOEXCEPTION: 100%
* Total number of goals: 2
* Number of covered goals: 2
* Coverage analysis for criterion CBRANCH
* Coverage of criterion CBRANCH: 80%
* Total number of goals: 15
* Number of covered goals: 12
* Generated 9 tests with total length 18
* Resulting test suite's coverage: 91% (average coverage for all fitness functions)
* Generating assertions
* Resulting test suite's mutation score: 91%
* Compiling and checking tests
* Writing JUnit test case 'CalculadoraDeImposto_ESTest' to D:\Projetos\github\UnitTestsAutomatic\.evosuite\tmp_2021_04_19_19_19_26\tests
* Done!

