* Starting client
* Connecting to master process on port 11726
* Analyzing classpath: 
  - D:\Projetos\github\UnitTestsAutomatic\target\classes
  - C:\Users\ronal\.m2\repository\junit\junit\4.12\junit-4.12.jar
  - C:\Users\ronal\.m2\repository\org\hamcrest\hamcrest-core\1.3\hamcrest-core-1.3.jar
* Finished analyzing classpath
* Generating tests for class br.com.calculadora.Produto
* Test criteria:
  - Line Coverage
  - Branch Coverage
  - Exception
  - Mutation testing (weak)
  - Method-Output Coverage
  - Top-Level Method Coverage
  - No-Exception Top-Level Method Coverage
  - Context Branch Coverage
* Setting up search algorithm for whole suite generation
[MASTER] 19:21:30.731 [pool-2-thread-1] WARN  TestSuiteSerialization - Cannot load tests because file does not exist: D:\Projetos\github\UnitTestsAutomatic\.evosuite\evosuite-seeds\br.com.calculadora.Produto.seed
* Loaded 0 tests from D:\Projetos\github\UnitTestsAutomatic\.evosuite\evosuite-seeds\br.com.calculadora.Produto.seed
* Total number of test goals: 
  - Line 10
  - Branch 7
  - Exception 0
  - MutationFactory 8
  - Output 9
  - Method 7
  - MethodNoException 7
  - CBranchFitnessFactory 7
* Using seed 1618870888737
* Starting evolution
* Search finished after 1s and 0 generations, 5545 statements, best individual has fitness: 1.0
* Writing sequences to pool
* Minimizing test suite
* Going to analyze the coverage criteria
* Coverage analysis for criterion LINE
* Coverage of criterion LINE: 100%
* Total number of goals: 10
* Number of covered goals: 10
* Coverage analysis for criterion BRANCH
* Coverage of criterion BRANCH: 100%
* Total number of goals: 7
* Number of covered goals: 7
* Coverage analysis for criterion EXCEPTION
* Coverage of criterion EXCEPTION: 100% (no goals)
* Coverage analysis for criterion WEAKMUTATION
* Coverage of criterion WEAKMUTATION: 100%
* Total number of goals: 8
* Number of covered goals: 8
* Coverage analysis for criterion OUTPUT
* Coverage of criterion OUTPUT: 100%
* Total number of goals: 9
* Number of covered goals: 9
* Coverage analysis for criterion METHOD
* Coverage of criterion METHOD: 100%
* Total number of goals: 7
* Number of covered goals: 7
* Coverage analysis for criterion METHODNOEXCEPTION
* Coverage of criterion METHODNOEXCEPTION: 100%
* Total number of goals: 7
* Number of covered goals: 7
* Coverage analysis for criterion CBRANCH
* Coverage of criterion CBRANCH: 100%
* Total number of goals: 7
* Number of covered goals: 7
* Generated 9 tests with total length 24
* Resulting test suite's coverage: 100% (average coverage for all fitness functions)
* Generating assertions
* Resulting test suite's mutation score: 100%
* Compiling and checking tests
* Writing JUnit test case 'Produto_ESTest' to D:\Projetos\github\UnitTestsAutomatic\.evosuite\tmp_2021_04_19_19_19_26\tests
* Done!

